<?xml version="1.0" encoding="UTF-8"?>
<testsuite name="ItemsNotInListTest" tests="2" skipped="0" failures="0" errors="0" timestamp="2019-11-01T13:08:25" hostname="林贼的dell" time="0.007">
  <properties/>
  <testcase name="test_whenNoItems()" classname="ItemsNotInListTest" time="0.002"/>
  <testcase name="test_whenHaveItems()" classname="ItemsNotInListTest" time="0.004"/>
  <system-out><![CDATA[Product not exist, please type in the correct product name
fill successfully
Product not exist, please type in the correct product name
]]></system-out>
  <system-err><![CDATA[]]></system-err>
</testsuite>
